Determining if the pthread_create exist failed with the following output:
Change Dir: /home/jared/csws/build/CMakeFiles/CMakeTmp

Run Build Command:"/usr/bin/make" "cmTC_a54f4/fast"
/usr/bin/make -f CMakeFiles/cmTC_a54f4.dir/build.make CMakeFiles/cmTC_a54f4.dir/build
make[1]: Entering directory '/home/jared/csws/build/CMakeFiles/CMakeTmp'
Building C object CMakeFiles/cmTC_a54f4.dir/CheckSymbolExists.c.o
/usr/bin/cc    -o CMakeFiles/cmTC_a54f4.dir/CheckSymbolExists.c.o   -c /home/jared/csws/build/CMakeFiles/CMakeTmp/CheckSymbolExists.c
Linking C executable cmTC_a54f4
/usr/bin/cmake -E cmake_link_script CMakeFiles/cmTC_a54f4.dir/link.txt --verbose=1
/usr/bin/cc      -rdynamic CMakeFiles/cmTC_a54f4.dir/CheckSymbolExists.c.o  -o cmTC_a54f4 
CMakeFiles/cmTC_a54f4.dir/CheckSymbolExists.c.o: In function `main':
CheckSymbolExists.c:(.text+0x1b): undefined reference to `pthread_create'
collect2: error: ld returned 1 exit status
CMakeFiles/cmTC_a54f4.dir/build.make:97: recipe for target 'cmTC_a54f4' failed
make[1]: *** [cmTC_a54f4] Error 1
make[1]: Leaving directory '/home/jared/csws/build/CMakeFiles/CMakeTmp'
Makefile:126: recipe for target 'cmTC_a54f4/fast' failed
make: *** [cmTC_a54f4/fast] Error 2

File /home/jared/csws/build/CMakeFiles/CMakeTmp/CheckSymbolExists.c:
/* */
#include <pthread.h>

int main(int argc, char** argv)
{
  (void)argv;
#ifndef pthread_create
  return ((int*)(&pthread_create))[argc];
#else
  (void)argc;
  return 0;
#endif
}

Determining if the function pthread_create exists in the pthreads failed with the following output:
Change Dir: /home/jared/csws/build/CMakeFiles/CMakeTmp

Run Build Command:"/usr/bin/make" "cmTC_fd19e/fast"
/usr/bin/make -f CMakeFiles/cmTC_fd19e.dir/build.make CMakeFiles/cmTC_fd19e.dir/build
make[1]: Entering directory '/home/jared/csws/build/CMakeFiles/CMakeTmp'
Building C object CMakeFiles/cmTC_fd19e.dir/CheckFunctionExists.c.o
/usr/bin/cc   -DCHECK_FUNCTION_EXISTS=pthread_create   -o CMakeFiles/cmTC_fd19e.dir/CheckFunctionExists.c.o   -c /usr/share/cmake-3.10/Modules/CheckFunctionExists.c
Linking C executable cmTC_fd19e
/usr/bin/cmake -E cmake_link_script CMakeFiles/cmTC_fd19e.dir/link.txt --verbose=1
/usr/bin/cc  -DCHECK_FUNCTION_EXISTS=pthread_create    -rdynamic CMakeFiles/cmTC_fd19e.dir/CheckFunctionExists.c.o  -o cmTC_fd19e -lpthreads 
/usr/bin/ld: cannot find -lpthreads
collect2: error: ld returned 1 exit status
CMakeFiles/cmTC_fd19e.dir/build.make:97: recipe for target 'cmTC_fd19e' failed
make[1]: *** [cmTC_fd19e] Error 1
make[1]: Leaving directory '/home/jared/csws/build/CMakeFiles/CMakeTmp'
Makefile:126: recipe for target 'cmTC_fd19e/fast' failed
make: *** [cmTC_fd19e/fast] Error 2


Determining if the Q_WS_WIN exist failed with the following output:
Change Dir: /home/jared/csws/build/CMakeFiles/CMakeTmp

Run Build Command:"/usr/bin/make" "cmTC_a3d2a/fast"
make[1]: Entering directory '/home/jared/csws/build/CMakeFiles/CMakeTmp'
/usr/bin/make -f CMakeFiles/cmTC_a3d2a.dir/build.make CMakeFiles/cmTC_a3d2a.dir/build
make[2]: Entering directory '/home/jared/csws/build/CMakeFiles/CMakeTmp'
Building CXX object CMakeFiles/cmTC_a3d2a.dir/CheckSymbolExists.cxx.o
/usr/bin/c++   -I/usr/include/qt4   -o CMakeFiles/cmTC_a3d2a.dir/CheckSymbolExists.cxx.o -c /home/jared/csws/build/CMakeFiles/CMakeTmp/CheckSymbolExists.cxx
/home/jared/csws/build/CMakeFiles/CMakeTmp/CheckSymbolExists.cxx: In function ‘int main(int, char**)’:
/home/jared/csws/build/CMakeFiles/CMakeTmp/CheckSymbolExists.cxx:8:19: error: ‘Q_WS_WIN’ was not declared in this scope
   return ((int*)(&Q_WS_WIN))[argc];
                   ^~~~~~~~
/home/jared/csws/build/CMakeFiles/CMakeTmp/CheckSymbolExists.cxx:8:19: note: suggested alternative: ‘Q_WS_X11’
   return ((int*)(&Q_WS_WIN))[argc];
                   ^~~~~~~~
                   Q_WS_X11
CMakeFiles/cmTC_a3d2a.dir/build.make:65: recipe for target 'CMakeFiles/cmTC_a3d2a.dir/CheckSymbolExists.cxx.o' failed
make[2]: *** [CMakeFiles/cmTC_a3d2a.dir/CheckSymbolExists.cxx.o] Error 1
make[2]: Leaving directory '/home/jared/csws/build/CMakeFiles/CMakeTmp'
Makefile:126: recipe for target 'cmTC_a3d2a/fast' failed
make[1]: *** [cmTC_a3d2a/fast] Error 2
make[1]: Leaving directory '/home/jared/csws/build/CMakeFiles/CMakeTmp'

File /home/jared/csws/build/CMakeFiles/CMakeTmp/CheckSymbolExists.cxx:
/* */
#include <QtCore/qglobal.h>

int main(int argc, char** argv)
{
  (void)argv;
#ifndef Q_WS_WIN
  return ((int*)(&Q_WS_WIN))[argc];
#else
  (void)argc;
  return 0;
#endif
}

Determining if the Q_WS_QWS exist failed with the following output:
Change Dir: /home/jared/csws/build/CMakeFiles/CMakeTmp

Run Build Command:"/usr/bin/make" "cmTC_82b66/fast"
make[1]: Entering directory '/home/jared/csws/build/CMakeFiles/CMakeTmp'
/usr/bin/make -f CMakeFiles/cmTC_82b66.dir/build.make CMakeFiles/cmTC_82b66.dir/build
make[2]: Entering directory '/home/jared/csws/build/CMakeFiles/CMakeTmp'
Building CXX object CMakeFiles/cmTC_82b66.dir/CheckSymbolExists.cxx.o
/usr/bin/c++   -I/usr/include/qt4   -o CMakeFiles/cmTC_82b66.dir/CheckSymbolExists.cxx.o -c /home/jared/csws/build/CMakeFiles/CMakeTmp/CheckSymbolExists.cxx
/home/jared/csws/build/CMakeFiles/CMakeTmp/CheckSymbolExists.cxx: In function ‘int main(int, char**)’:
/home/jared/csws/build/CMakeFiles/CMakeTmp/CheckSymbolExists.cxx:8:19: error: ‘Q_WS_QWS’ was not declared in this scope
   return ((int*)(&Q_WS_QWS))[argc];
                   ^~~~~~~~
/home/jared/csws/build/CMakeFiles/CMakeTmp/CheckSymbolExists.cxx:8:19: note: suggested alternative: ‘Q_WS_X11’
   return ((int*)(&Q_WS_QWS))[argc];
                   ^~~~~~~~
                   Q_WS_X11
CMakeFiles/cmTC_82b66.dir/build.make:65: recipe for target 'CMakeFiles/cmTC_82b66.dir/CheckSymbolExists.cxx.o' failed
make[2]: *** [CMakeFiles/cmTC_82b66.dir/CheckSymbolExists.cxx.o] Error 1
make[2]: Leaving directory '/home/jared/csws/build/CMakeFiles/CMakeTmp'
Makefile:126: recipe for target 'cmTC_82b66/fast' failed
make[1]: *** [cmTC_82b66/fast] Error 2
make[1]: Leaving directory '/home/jared/csws/build/CMakeFiles/CMakeTmp'

File /home/jared/csws/build/CMakeFiles/CMakeTmp/CheckSymbolExists.cxx:
/* */
#include <QtCore/qglobal.h>

int main(int argc, char** argv)
{
  (void)argv;
#ifndef Q_WS_QWS
  return ((int*)(&Q_WS_QWS))[argc];
#else
  (void)argc;
  return 0;
#endif
}

Determining if the Q_WS_MAC exist failed with the following output:
Change Dir: /home/jared/csws/build/CMakeFiles/CMakeTmp

Run Build Command:"/usr/bin/make" "cmTC_2733c/fast"
make[1]: Entering directory '/home/jared/csws/build/CMakeFiles/CMakeTmp'
/usr/bin/make -f CMakeFiles/cmTC_2733c.dir/build.make CMakeFiles/cmTC_2733c.dir/build
make[2]: Entering directory '/home/jared/csws/build/CMakeFiles/CMakeTmp'
Building CXX object CMakeFiles/cmTC_2733c.dir/CheckSymbolExists.cxx.o
/usr/bin/c++   -I/usr/include/qt4   -o CMakeFiles/cmTC_2733c.dir/CheckSymbolExists.cxx.o -c /home/jared/csws/build/CMakeFiles/CMakeTmp/CheckSymbolExists.cxx
/home/jared/csws/build/CMakeFiles/CMakeTmp/CheckSymbolExists.cxx: In function ‘int main(int, char**)’:
/home/jared/csws/build/CMakeFiles/CMakeTmp/CheckSymbolExists.cxx:8:19: error: ‘Q_WS_MAC’ was not declared in this scope
   return ((int*)(&Q_WS_MAC))[argc];
                   ^~~~~~~~
/home/jared/csws/build/CMakeFiles/CMakeTmp/CheckSymbolExists.cxx:8:19: note: suggested alternative: ‘Q_WS_X11’
   return ((int*)(&Q_WS_MAC))[argc];
                   ^~~~~~~~
                   Q_WS_X11
CMakeFiles/cmTC_2733c.dir/build.make:65: recipe for target 'CMakeFiles/cmTC_2733c.dir/CheckSymbolExists.cxx.o' failed
make[2]: *** [CMakeFiles/cmTC_2733c.dir/CheckSymbolExists.cxx.o] Error 1
make[2]: Leaving directory '/home/jared/csws/build/CMakeFiles/CMakeTmp'
Makefile:126: recipe for target 'cmTC_2733c/fast' failed
make[1]: *** [cmTC_2733c/fast] Error 2
make[1]: Leaving directory '/home/jared/csws/build/CMakeFiles/CMakeTmp'

File /home/jared/csws/build/CMakeFiles/CMakeTmp/CheckSymbolExists.cxx:
/* */
#include <QtCore/qglobal.h>

int main(int argc, char** argv)
{
  (void)argv;
#ifndef Q_WS_MAC
  return ((int*)(&Q_WS_MAC))[argc];
#else
  (void)argc;
  return 0;
#endif
}

